=== Registering completed assets ===
  [OK] survivor_4dir: files=4 dims=48x48
  [OK] workshop_floor_tiles: files=16 dims=64x64
  [BAL] 4900 generations remaining

=== 1.3 Workshop Wall Tiles ===
  job_id=cd3e680f-0859-438f-b1b9-f69e30fac775
  [OK] workshop_wall_tiles: files=16 dims=64x64
  [BAL] 4838 generations remaining

=== 1.4 Workshop Equipment ===
  Generating workbench (96x96)...
    job_id=4f06fc71-531d-40e7-80bb-9a073cd4d98b
  [OK] workshop_workbench: files=1 dims=96x96
  Generating tool_rack (64x64)...
    job_id=0b76beb1-373b-4cec-8e9f-06057a750a78
  [OK] workshop_tool_rack: files=1 dims=64x64
  Generating parts_bin (64x64)...
    job_id=5d6fec4e-40ed-402e-9ef9-c90b096ba178
  [OK] workshop_parts_bin: files=1 dims=64x64
  Generating anvil (64x64)...
    job_id=fd0dd654-6440-49fd-84d7-398ce98adffd
  [OK] workshop_anvil: files=1 dims=64x64
  Generating salvage_pile (64x64)...
    job_id=e6bfc88f-a265-4e4e-9903-e1d28bf8a9d6
  [OK] workshop_salvage_pile: files=1 dims=64x64
  [BAL] 4790 generations remaining

=== 1.5 HUD UI Elements ===
  Generating health_bar...
    job_id=6a78de4f-352a-48a1-8783-343bcf499bfd
  [OK] ui_health_bar: files=4 dims=128x24
  Generating interact_prompt...
    job_id=a498bc47-255b-48d2-804d-adbbbbb30afb
  [OK] ui_interact_prompt: files=16 dims=64x32
  [BAL] 4730 generations remaining

=== Writing generation_log.json ===
  10 new entries written (34 total)

=== Building Batch 1 Preview Composite ===
  61 PNGs found
  Preview: C:\Users\dasbl\Documents\off-the-rails\assets\generated\batch1_preview.png

=======================================================
BATCH 1 COMPLETE
  Assets logged : 10
  Passed        : 10
  Failed        : 0
  Gens this run : 10
=======================================================
